Started GET "/" for 127.0.0.1 at 2017-07-22 19:26:17 +0300
Processing by UsersController#index as HTML
  Rendering users/index.html within layouts/application
  Rendered users/index.html within layouts/application (0.7ms)
Completed 200 OK in 1598ms (Views: 1413.1ms)


Started POST "/" for 127.0.0.1 at 2017-07-22 19:28:27 +0300
  
ActionController::RoutingError (No route matches [POST] "/"):
  
actionpack (5.1.2) lib/action_dispatch/middleware/debug_exceptions.rb:63:in `call'
web-console (3.5.1) lib/web_console/middleware.rb:135:in `call_app'
web-console (3.5.1) lib/web_console/middleware.rb:28:in `block in call'
web-console (3.5.1) lib/web_console/middleware.rb:18:in `catch'
web-console (3.5.1) lib/web_console/middleware.rb:18:in `call'
actionpack (5.1.2) lib/action_dispatch/middleware/show_exceptions.rb:31:in `call'
railties (5.1.2) lib/rails/rack/logger.rb:36:in `call_app'
railties (5.1.2) lib/rails/rack/logger.rb:24:in `block in call'
activesupport (5.1.2) lib/active_support/tagged_logging.rb:69:in `block in tagged'
activesupport (5.1.2) lib/active_support/tagged_logging.rb:26:in `tagged'
activesupport (5.1.2) lib/active_support/tagged_logging.rb:69:in `tagged'
railties (5.1.2) lib/rails/rack/logger.rb:24:in `call'
sprockets-rails (3.2.0) lib/sprockets/rails/quiet_assets.rb:13:in `call'
actionpack (5.1.2) lib/action_dispatch/middleware/remote_ip.rb:79:in `call'
actionpack (5.1.2) lib/action_dispatch/middleware/request_id.rb:25:in `call'
rack (2.0.3) lib/rack/method_override.rb:22:in `call'
rack (2.0.3) lib/rack/runtime.rb:22:in `call'
activesupport (5.1.2) lib/active_support/cache/strategy/local_cache_middleware.rb:27:in `call'
actionpack (5.1.2) lib/action_dispatch/middleware/executor.rb:12:in `call'
actionpack (5.1.2) lib/action_dispatch/middleware/static.rb:125:in `call'
rack (2.0.3) lib/rack/sendfile.rb:111:in `call'
railties (5.1.2) lib/rails/engine.rb:522:in `call'
puma (3.9.1) lib/puma/configuration.rb:224:in `call'
puma (3.9.1) lib/puma/server.rb:602:in `handle_request'
puma (3.9.1) lib/puma/server.rb:435:in `process_client'
puma (3.9.1) lib/puma/server.rb:299:in `block in run'
puma (3.9.1) lib/puma/thread_pool.rb:120:in `block in spawn_thread'
Started POST "/" for 127.0.0.1 at 2017-07-22 19:29:52 +0300
  
ActionController::RoutingError (No route matches [POST] "/"):
  
actionpack (5.1.2) lib/action_dispatch/middleware/debug_exceptions.rb:63:in `call'
web-console (3.5.1) lib/web_console/middleware.rb:135:in `call_app'
web-console (3.5.1) lib/web_console/middleware.rb:28:in `block in call'
web-console (3.5.1) lib/web_console/middleware.rb:18:in `catch'
web-console (3.5.1) lib/web_console/middleware.rb:18:in `call'
actionpack (5.1.2) lib/action_dispatch/middleware/show_exceptions.rb:31:in `call'
railties (5.1.2) lib/rails/rack/logger.rb:36:in `call_app'
railties (5.1.2) lib/rails/rack/logger.rb:24:in `block in call'
activesupport (5.1.2) lib/active_support/tagged_logging.rb:69:in `block in tagged'
activesupport (5.1.2) lib/active_support/tagged_logging.rb:26:in `tagged'
activesupport (5.1.2) lib/active_support/tagged_logging.rb:69:in `tagged'
railties (5.1.2) lib/rails/rack/logger.rb:24:in `call'
sprockets-rails (3.2.0) lib/sprockets/rails/quiet_assets.rb:13:in `call'
actionpack (5.1.2) lib/action_dispatch/middleware/remote_ip.rb:79:in `call'
actionpack (5.1.2) lib/action_dispatch/middleware/request_id.rb:25:in `call'
rack (2.0.3) lib/rack/method_override.rb:22:in `call'
rack (2.0.3) lib/rack/runtime.rb:22:in `call'
activesupport (5.1.2) lib/active_support/cache/strategy/local_cache_middleware.rb:27:in `call'
actionpack (5.1.2) lib/action_dispatch/middleware/executor.rb:12:in `call'
actionpack (5.1.2) lib/action_dispatch/middleware/static.rb:125:in `call'
rack (2.0.3) lib/rack/sendfile.rb:111:in `call'
railties (5.1.2) lib/rails/engine.rb:522:in `call'
puma (3.9.1) lib/puma/configuration.rb:224:in `call'
puma (3.9.1) lib/puma/server.rb:602:in `handle_request'
puma (3.9.1) lib/puma/server.rb:435:in `process_client'
puma (3.9.1) lib/puma/server.rb:299:in `block in run'
puma (3.9.1) lib/puma/thread_pool.rb:120:in `block in spawn_thread'
Started GET "/" for 127.0.0.1 at 2017-07-22 19:30:00 +0300
Processing by UsersController#index as HTML
  Rendering users/index.html within layouts/application
  Rendered users/index.html within layouts/application (0.3ms)
Completed 200 OK in 18ms (Views: 17.2ms)


Started POST "/users.sign_up" for 127.0.0.1 at 2017-07-22 19:30:03 +0300
  
AbstractController::ActionNotFound (The action 'create' could not be found for UsersController):
  
actionpack (5.1.2) lib/abstract_controller/base.rb:119:in `process'
actionview (5.1.2) lib/action_view/rendering.rb:30:in `process'
actionpack (5.1.2) lib/action_controller/metal.rb:189:in `dispatch'
actionpack (5.1.2) lib/action_controller/metal.rb:253:in `dispatch'
actionpack (5.1.2) lib/action_dispatch/routing/route_set.rb:49:in `dispatch'
actionpack (5.1.2) lib/action_dispatch/routing/route_set.rb:31:in `serve'
actionpack (5.1.2) lib/action_dispatch/journey/router.rb:46:in `block in serve'
actionpack (5.1.2) lib/action_dispatch/journey/router.rb:33:in `each'
actionpack (5.1.2) lib/action_dispatch/journey/router.rb:33:in `serve'
actionpack (5.1.2) lib/action_dispatch/routing/route_set.rb:832:in `call'
rack (2.0.3) lib/rack/etag.rb:25:in `call'
rack (2.0.3) lib/rack/conditional_get.rb:38:in `call'
rack (2.0.3) lib/rack/head.rb:12:in `call'
rack (2.0.3) lib/rack/session/abstract/id.rb:232:in `context'
rack (2.0.3) lib/rack/session/abstract/id.rb:226:in `call'
actionpack (5.1.2) lib/action_dispatch/middleware/cookies.rb:613:in `call'
activerecord (5.1.2) lib/active_record/migration.rb:556:in `call'
actionpack (5.1.2) lib/action_dispatch/middleware/callbacks.rb:26:in `block in call'
activesupport (5.1.2) lib/active_support/callbacks.rb:97:in `run_callbacks'
actionpack (5.1.2) lib/action_dispatch/middleware/callbacks.rb:24:in `call'
actionpack (5.1.2) lib/action_dispatch/middleware/executor.rb:12:in `call'
actionpack (5.1.2) lib/action_dispatch/middleware/debug_exceptions.rb:59:in `call'
web-console (3.5.1) lib/web_console/middleware.rb:135:in `call_app'
web-console (3.5.1) lib/web_console/middleware.rb:28:in `block in call'
web-console (3.5.1) lib/web_console/middleware.rb:18:in `catch'
web-console (3.5.1) lib/web_console/middleware.rb:18:in `call'
actionpack (5.1.2) lib/action_dispatch/middleware/show_exceptions.rb:31:in `call'
railties (5.1.2) lib/rails/rack/logger.rb:36:in `call_app'
railties (5.1.2) lib/rails/rack/logger.rb:24:in `block in call'
activesupport (5.1.2) lib/active_support/tagged_logging.rb:69:in `block in tagged'
activesupport (5.1.2) lib/active_support/tagged_logging.rb:26:in `tagged'
activesupport (5.1.2) lib/active_support/tagged_logging.rb:69:in `tagged'
railties (5.1.2) lib/rails/rack/logger.rb:24:in `call'
sprockets-rails (3.2.0) lib/sprockets/rails/quiet_assets.rb:13:in `call'
actionpack (5.1.2) lib/action_dispatch/middleware/remote_ip.rb:79:in `call'
actionpack (5.1.2) lib/action_dispatch/middleware/request_id.rb:25:in `call'
rack (2.0.3) lib/rack/method_override.rb:22:in `call'
rack (2.0.3) lib/rack/runtime.rb:22:in `call'
activesupport (5.1.2) lib/active_support/cache/strategy/local_cache_middleware.rb:27:in `call'
actionpack (5.1.2) lib/action_dispatch/middleware/executor.rb:12:in `call'
actionpack (5.1.2) lib/action_dispatch/middleware/static.rb:125:in `call'
rack (2.0.3) lib/rack/sendfile.rb:111:in `call'
railties (5.1.2) lib/rails/engine.rb:522:in `call'
puma (3.9.1) lib/puma/configuration.rb:224:in `call'
puma (3.9.1) lib/puma/server.rb:602:in `handle_request'
puma (3.9.1) lib/puma/server.rb:435:in `process_client'
puma (3.9.1) lib/puma/server.rb:299:in `block in run'
puma (3.9.1) lib/puma/thread_pool.rb:120:in `block in spawn_thread'
Started POST "/users.sign_up" for 127.0.0.1 at 2017-07-22 19:33:54 +0300
  
AbstractController::ActionNotFound (The action 'create' could not be found for UsersController):
  
actionpack (5.1.2) lib/abstract_controller/base.rb:119:in `process'
actionview (5.1.2) lib/action_view/rendering.rb:30:in `process'
actionpack (5.1.2) lib/action_controller/metal.rb:189:in `dispatch'
actionpack (5.1.2) lib/action_controller/metal.rb:253:in `dispatch'
actionpack (5.1.2) lib/action_dispatch/routing/route_set.rb:49:in `dispatch'
actionpack (5.1.2) lib/action_dispatch/routing/route_set.rb:31:in `serve'
actionpack (5.1.2) lib/action_dispatch/journey/router.rb:46:in `block in serve'
actionpack (5.1.2) lib/action_dispatch/journey/router.rb:33:in `each'
actionpack (5.1.2) lib/action_dispatch/journey/router.rb:33:in `serve'
actionpack (5.1.2) lib/action_dispatch/routing/route_set.rb:832:in `call'
rack (2.0.3) lib/rack/etag.rb:25:in `call'
rack (2.0.3) lib/rack/conditional_get.rb:38:in `call'
rack (2.0.3) lib/rack/head.rb:12:in `call'
rack (2.0.3) lib/rack/session/abstract/id.rb:232:in `context'
rack (2.0.3) lib/rack/session/abstract/id.rb:226:in `call'
actionpack (5.1.2) lib/action_dispatch/middleware/cookies.rb:613:in `call'
activerecord (5.1.2) lib/active_record/migration.rb:556:in `call'
actionpack (5.1.2) lib/action_dispatch/middleware/callbacks.rb:26:in `block in call'
activesupport (5.1.2) lib/active_support/callbacks.rb:97:in `run_callbacks'
actionpack (5.1.2) lib/action_dispatch/middleware/callbacks.rb:24:in `call'
actionpack (5.1.2) lib/action_dispatch/middleware/executor.rb:12:in `call'
actionpack (5.1.2) lib/action_dispatch/middleware/debug_exceptions.rb:59:in `call'
web-console (3.5.1) lib/web_console/middleware.rb:135:in `call_app'
web-console (3.5.1) lib/web_console/middleware.rb:28:in `block in call'
web-console (3.5.1) lib/web_console/middleware.rb:18:in `catch'
web-console (3.5.1) lib/web_console/middleware.rb:18:in `call'
actionpack (5.1.2) lib/action_dispatch/middleware/show_exceptions.rb:31:in `call'
railties (5.1.2) lib/rails/rack/logger.rb:36:in `call_app'
railties (5.1.2) lib/rails/rack/logger.rb:24:in `block in call'
activesupport (5.1.2) lib/active_support/tagged_logging.rb:69:in `block in tagged'
activesupport (5.1.2) lib/active_support/tagged_logging.rb:26:in `tagged'
activesupport (5.1.2) lib/active_support/tagged_logging.rb:69:in `tagged'
railties (5.1.2) lib/rails/rack/logger.rb:24:in `call'
sprockets-rails (3.2.0) lib/sprockets/rails/quiet_assets.rb:13:in `call'
actionpack (5.1.2) lib/action_dispatch/middleware/remote_ip.rb:79:in `call'
actionpack (5.1.2) lib/action_dispatch/middleware/request_id.rb:25:in `call'
rack (2.0.3) lib/rack/method_override.rb:22:in `call'
rack (2.0.3) lib/rack/runtime.rb:22:in `call'
activesupport (5.1.2) lib/active_support/cache/strategy/local_cache_middleware.rb:27:in `call'
actionpack (5.1.2) lib/action_dispatch/middleware/executor.rb:12:in `call'
actionpack (5.1.2) lib/action_dispatch/middleware/static.rb:125:in `call'
rack (2.0.3) lib/rack/sendfile.rb:111:in `call'
railties (5.1.2) lib/rails/engine.rb:522:in `call'
puma (3.9.1) lib/puma/configuration.rb:224:in `call'
puma (3.9.1) lib/puma/server.rb:602:in `handle_request'
puma (3.9.1) lib/puma/server.rb:435:in `process_client'
puma (3.9.1) lib/puma/server.rb:299:in `block in run'
puma (3.9.1) lib/puma/thread_pool.rb:120:in `block in spawn_thread'
Started GET "/" for 127.0.0.1 at 2017-07-22 19:34:56 +0300
Processing by UsersController#index as HTML
  Rendering users/index.html within layouts/application
  Rendered users/index.html within layouts/application (0.2ms)
Completed 200 OK in 20ms (Views: 18.7ms)


Started POST "/users/sign_up" for 127.0.0.1 at 2017-07-22 19:35:00 +0300
Processing by UsersController#sign_up as HTML
  Parameters: {"email"=>"zaloopa@gmail.com", "password"=>"[FILTERED]"}
Can't verify CSRF token authenticity.
Completed 422 Unprocessable Entity in 1ms


  
ActionController::InvalidAuthenticityToken (ActionController::InvalidAuthenticityToken):
  
actionpack (5.1.2) lib/action_controller/metal/request_forgery_protection.rb:195:in `handle_unverified_request'
actionpack (5.1.2) lib/action_controller/metal/request_forgery_protection.rb:227:in `handle_unverified_request'
actionpack (5.1.2) lib/action_controller/metal/request_forgery_protection.rb:222:in `verify_authenticity_token'
activesupport (5.1.2) lib/active_support/callbacks.rb:413:in `block in make_lambda'
activesupport (5.1.2) lib/active_support/callbacks.rb:197:in `block (2 levels) in halting'
actionpack (5.1.2) lib/abstract_controller/callbacks.rb:12:in `block (2 levels) in <module:Callbacks>'
activesupport (5.1.2) lib/active_support/callbacks.rb:198:in `block in halting'
activesupport (5.1.2) lib/active_support/callbacks.rb:507:in `block in invoke_before'
activesupport (5.1.2) lib/active_support/callbacks.rb:507:in `each'
activesupport (5.1.2) lib/active_support/callbacks.rb:507:in `invoke_before'
activesupport (5.1.2) lib/active_support/callbacks.rb:130:in `run_callbacks'
actionpack (5.1.2) lib/abstract_controller/callbacks.rb:19:in `process_action'
actionpack (5.1.2) lib/action_controller/metal/rescue.rb:20:in `process_action'
actionpack (5.1.2) lib/action_controller/metal/instrumentation.rb:32:in `block in process_action'
activesupport (5.1.2) lib/active_support/notifications.rb:166:in `block in instrument'
activesupport (5.1.2) lib/active_support/notifications/instrumenter.rb:21:in `instrument'
activesupport (5.1.2) lib/active_support/notifications.rb:166:in `instrument'
actionpack (5.1.2) lib/action_controller/metal/instrumentation.rb:30:in `process_action'
actionpack (5.1.2) lib/action_controller/metal/params_wrapper.rb:252:in `process_action'
activerecord (5.1.2) lib/active_record/railties/controller_runtime.rb:22:in `process_action'
actionpack (5.1.2) lib/abstract_controller/base.rb:124:in `process'
actionview (5.1.2) lib/action_view/rendering.rb:30:in `process'
actionpack (5.1.2) lib/action_controller/metal.rb:189:in `dispatch'
actionpack (5.1.2) lib/action_controller/metal.rb:253:in `dispatch'
actionpack (5.1.2) lib/action_dispatch/routing/route_set.rb:49:in `dispatch'
actionpack (5.1.2) lib/action_dispatch/routing/route_set.rb:31:in `serve'
actionpack (5.1.2) lib/action_dispatch/journey/router.rb:46:in `block in serve'
actionpack (5.1.2) lib/action_dispatch/journey/router.rb:33:in `each'
actionpack (5.1.2) lib/action_dispatch/journey/router.rb:33:in `serve'
actionpack (5.1.2) lib/action_dispatch/routing/route_set.rb:832:in `call'
rack (2.0.3) lib/rack/etag.rb:25:in `call'
rack (2.0.3) lib/rack/conditional_get.rb:38:in `call'
rack (2.0.3) lib/rack/head.rb:12:in `call'
rack (2.0.3) lib/rack/session/abstract/id.rb:232:in `context'
rack (2.0.3) lib/rack/session/abstract/id.rb:226:in `call'
actionpack (5.1.2) lib/action_dispatch/middleware/cookies.rb:613:in `call'
activerecord (5.1.2) lib/active_record/migration.rb:556:in `call'
actionpack (5.1.2) lib/action_dispatch/middleware/callbacks.rb:26:in `block in call'
activesupport (5.1.2) lib/active_support/callbacks.rb:97:in `run_callbacks'
actionpack (5.1.2) lib/action_dispatch/middleware/callbacks.rb:24:in `call'
actionpack (5.1.2) lib/action_dispatch/middleware/executor.rb:12:in `call'
actionpack (5.1.2) lib/action_dispatch/middleware/debug_exceptions.rb:59:in `call'
web-console (3.5.1) lib/web_console/middleware.rb:135:in `call_app'
web-console (3.5.1) lib/web_console/middleware.rb:28:in `block in call'
web-console (3.5.1) lib/web_console/middleware.rb:18:in `catch'
web-console (3.5.1) lib/web_console/middleware.rb:18:in `call'
actionpack (5.1.2) lib/action_dispatch/middleware/show_exceptions.rb:31:in `call'
railties (5.1.2) lib/rails/rack/logger.rb:36:in `call_app'
railties (5.1.2) lib/rails/rack/logger.rb:24:in `block in call'
activesupport (5.1.2) lib/active_support/tagged_logging.rb:69:in `block in tagged'
activesupport (5.1.2) lib/active_support/tagged_logging.rb:26:in `tagged'
activesupport (5.1.2) lib/active_support/tagged_logging.rb:69:in `tagged'
railties (5.1.2) lib/rails/rack/logger.rb:24:in `call'
sprockets-rails (3.2.0) lib/sprockets/rails/quiet_assets.rb:13:in `call'
actionpack (5.1.2) lib/action_dispatch/middleware/remote_ip.rb:79:in `call'
actionpack (5.1.2) lib/action_dispatch/middleware/request_id.rb:25:in `call'
rack (2.0.3) lib/rack/method_override.rb:22:in `call'
rack (2.0.3) lib/rack/runtime.rb:22:in `call'
activesupport (5.1.2) lib/active_support/cache/strategy/local_cache_middleware.rb:27:in `call'
actionpack (5.1.2) lib/action_dispatch/middleware/executor.rb:12:in `call'
actionpack (5.1.2) lib/action_dispatch/middleware/static.rb:125:in `call'
rack (2.0.3) lib/rack/sendfile.rb:111:in `call'
railties (5.1.2) lib/rails/engine.rb:522:in `call'
puma (3.9.1) lib/puma/configuration.rb:224:in `call'
puma (3.9.1) lib/puma/server.rb:602:in `handle_request'
puma (3.9.1) lib/puma/server.rb:435:in `process_client'
puma (3.9.1) lib/puma/server.rb:299:in `block in run'
puma (3.9.1) lib/puma/thread_pool.rb:120:in `block in spawn_thread'
Started POST "/users/sign_up" for 127.0.0.1 at 2017-07-22 19:37:19 +0300
  
ActionController::RoutingError (undefined local variable or method `conn' for UsersController:Class):
  
app/controllers/users_controller.rb:3:in `<class:UsersController>'
app/controllers/users_controller.rb:1:in `<top (required)>'
Started POST "/users/sign_up" for 127.0.0.1 at 2017-07-22 19:38:41 +0300
Processing by UsersController#sign_up as HTML
  Parameters: {"email"=>"zaloopa@gmail.com", "password"=>"[FILTERED]"}
Completed 500 Internal Server Error in 115ms


  
NameError (undefined local variable or method `conn' for #<UsersController:0x007f63780c6e20>):
  
app/controllers/users_controller.rb:13:in `sign_up'
Started POST "/users/sign_up" for 127.0.0.1 at 2017-07-22 19:39:38 +0300
Processing by UsersController#sign_up as HTML
  Parameters: {"email"=>"zaloopa@gmail.com", "password"=>"[FILTERED]"}
No template found for UsersController#sign_up, rendering head :no_content
Completed 204 No Content in 29ms


Started POST "/users/sign_up" for 127.0.0.1 at 2017-07-22 21:45:20 +0300
Processing by UsersController#sign_up as HTML
  Parameters: {"email"=>"zaloopa@gmail.com", "password"=>"[FILTERED]"}
No template found for UsersController#sign_up, rendering head :no_content
Completed 204 No Content in 33ms


Started POST "/users/sign_up" for 127.0.0.1 at 2017-07-22 21:45:37 +0300
Processing by UsersController#sign_up as HTML
  Parameters: {"email"=>"zaloopa@gmail.com", "password"=>"[FILTERED]"}
No template found for UsersController#sign_up, rendering head :no_content
Completed 204 No Content in 21ms


Started POST "/users/sign_up" for 127.0.0.1 at 2017-07-22 21:49:09 +0300
Processing by UsersController#sign_up as HTML
  Parameters: {"email"=>"zaloopa@gmail.com", "password"=>"[FILTERED]"}
No template found for UsersController#sign_up, rendering head :no_content
Completed 204 No Content in 16ms


Started POST "/users/sign_up" for 127.0.0.1 at 2017-07-22 21:49:58 +0300
Processing by UsersController#sign_up as HTML
  Parameters: {"email"=>"zalupa@gmail.com", "password"=>"[FILTERED]"}
No template found for UsersController#sign_up, rendering head :no_content
Completed 204 No Content in 30ms


Started POST "/users/sign_up" for 127.0.0.1 at 2017-07-22 22:04:45 +0300
  
ActionController::RoutingError (undefined local variable or method `conn' for UsersController:Class
Did you mean?  @conn):
  
app/controllers/users_controller.rb:6:in `<class:UsersController>'
app/controllers/users_controller.rb:1:in `<top (required)>'
Started POST "/users/sign_up" for 127.0.0.1 at 2017-07-22 22:05:33 +0300
Processing by UsersController#sign_up as HTML
  Parameters: {"email"=>"zalpa@gmail.com", "password"=>"[FILTERED]"}
Completed 500 Internal Server Error in 2ms


  
NoMethodError (undefined method `default_exchange' for nil:NilClass):
  
app/controllers/users_controller.rb:19:in `sign_up'
Started POST "/users/sign_up" for 127.0.0.1 at 2017-07-22 22:06:44 +0300
Processing by UsersController#sign_up as HTML
  Parameters: {"email"=>"zalpa@gmail.com", "password"=>"[FILTERED]"}
No template found for UsersController#sign_up, rendering head :no_content
Completed 204 No Content in 13ms


Started POST "/users/sign_up" for 127.0.0.1 at 2017-07-22 22:20:48 +0300
Processing by UsersController#sign_up as HTML
  Parameters: {"email"=>"zaloopa@gmail.com", "password"=>"[FILTERED]"}
No template found for UsersController#sign_up, rendering head :no_content
Completed 204 No Content in 63ms


Started POST "/users/sign_up" for 127.0.0.1 at 2017-07-22 22:22:32 +0300
Processing by UsersController#sign_up as HTML
  Parameters: {"email"=>"zaloopa@gmail.com", "password"=>"[FILTERED]"}
No template found for UsersController#sign_up, rendering head :no_content
Completed 204 No Content in 15ms


Started POST "/users/sign_up" for 127.0.0.1 at 2017-07-22 22:34:00 +0300
  
ActionController::RoutingError (undefined local variable or method `ch' for UsersController:Class
Did you mean?  @@ch):
  
app/controllers/users_controller.rb:8:in `<class:UsersController>'
app/controllers/users_controller.rb:1:in `<top (required)>'
Started POST "/users/sign_up" for 127.0.0.1 at 2017-07-22 22:34:42 +0300
Processing by UsersController#sign_up as HTML
  Parameters: {"email"=>"zalupa@gmail.com", "password"=>"[FILTERED]"}
No template found for UsersController#sign_up, rendering head :no_content
Completed 204 No Content in 12ms


Started GET "/users/table" for 127.0.0.1 at 2017-07-22 22:35:09 +0300
  
AbstractController::ActionNotFound (The action 'table' could not be found for UsersController):
  
actionpack (5.1.2) lib/abstract_controller/base.rb:119:in `process'
actionview (5.1.2) lib/action_view/rendering.rb:30:in `process'
actionpack (5.1.2) lib/action_controller/metal.rb:189:in `dispatch'
actionpack (5.1.2) lib/action_controller/metal.rb:253:in `dispatch'
actionpack (5.1.2) lib/action_dispatch/routing/route_set.rb:49:in `dispatch'
actionpack (5.1.2) lib/action_dispatch/routing/route_set.rb:31:in `serve'
actionpack (5.1.2) lib/action_dispatch/journey/router.rb:46:in `block in serve'
actionpack (5.1.2) lib/action_dispatch/journey/router.rb:33:in `each'
actionpack (5.1.2) lib/action_dispatch/journey/router.rb:33:in `serve'
actionpack (5.1.2) lib/action_dispatch/routing/route_set.rb:832:in `call'
rack (2.0.3) lib/rack/etag.rb:25:in `call'
rack (2.0.3) lib/rack/conditional_get.rb:25:in `call'
rack (2.0.3) lib/rack/head.rb:12:in `call'
rack (2.0.3) lib/rack/session/abstract/id.rb:232:in `context'
rack (2.0.3) lib/rack/session/abstract/id.rb:226:in `call'
actionpack (5.1.2) lib/action_dispatch/middleware/cookies.rb:613:in `call'
activerecord (5.1.2) lib/active_record/migration.rb:556:in `call'
actionpack (5.1.2) lib/action_dispatch/middleware/callbacks.rb:26:in `block in call'
activesupport (5.1.2) lib/active_support/callbacks.rb:97:in `run_callbacks'
actionpack (5.1.2) lib/action_dispatch/middleware/callbacks.rb:24:in `call'
actionpack (5.1.2) lib/action_dispatch/middleware/executor.rb:12:in `call'
actionpack (5.1.2) lib/action_dispatch/middleware/debug_exceptions.rb:59:in `call'
web-console (3.5.1) lib/web_console/middleware.rb:135:in `call_app'
web-console (3.5.1) lib/web_console/middleware.rb:28:in `block in call'
web-console (3.5.1) lib/web_console/middleware.rb:18:in `catch'
web-console (3.5.1) lib/web_console/middleware.rb:18:in `call'
actionpack (5.1.2) lib/action_dispatch/middleware/show_exceptions.rb:31:in `call'
railties (5.1.2) lib/rails/rack/logger.rb:36:in `call_app'
railties (5.1.2) lib/rails/rack/logger.rb:24:in `block in call'
activesupport (5.1.2) lib/active_support/tagged_logging.rb:69:in `block in tagged'
activesupport (5.1.2) lib/active_support/tagged_logging.rb:26:in `tagged'
activesupport (5.1.2) lib/active_support/tagged_logging.rb:69:in `tagged'
railties (5.1.2) lib/rails/rack/logger.rb:24:in `call'
sprockets-rails (3.2.0) lib/sprockets/rails/quiet_assets.rb:13:in `call'
actionpack (5.1.2) lib/action_dispatch/middleware/remote_ip.rb:79:in `call'
actionpack (5.1.2) lib/action_dispatch/middleware/request_id.rb:25:in `call'
rack (2.0.3) lib/rack/method_override.rb:22:in `call'
rack (2.0.3) lib/rack/runtime.rb:22:in `call'
activesupport (5.1.2) lib/active_support/cache/strategy/local_cache_middleware.rb:27:in `call'
actionpack (5.1.2) lib/action_dispatch/middleware/executor.rb:12:in `call'
actionpack (5.1.2) lib/action_dispatch/middleware/static.rb:125:in `call'
rack (2.0.3) lib/rack/sendfile.rb:111:in `call'
railties (5.1.2) lib/rails/engine.rb:522:in `call'
puma (3.9.1) lib/puma/configuration.rb:224:in `call'
puma (3.9.1) lib/puma/server.rb:602:in `handle_request'
puma (3.9.1) lib/puma/server.rb:435:in `process_client'
puma (3.9.1) lib/puma/server.rb:299:in `block in run'
puma (3.9.1) lib/puma/thread_pool.rb:120:in `block in spawn_thread'
Started GET "/users/show" for 127.0.0.1 at 2017-07-22 22:35:26 +0300
  
ActionController::RoutingError (No route matches [GET] "/users/show"):
  
actionpack (5.1.2) lib/action_dispatch/middleware/debug_exceptions.rb:63:in `call'
web-console (3.5.1) lib/web_console/middleware.rb:135:in `call_app'
web-console (3.5.1) lib/web_console/middleware.rb:28:in `block in call'
web-console (3.5.1) lib/web_console/middleware.rb:18:in `catch'
web-console (3.5.1) lib/web_console/middleware.rb:18:in `call'
actionpack (5.1.2) lib/action_dispatch/middleware/show_exceptions.rb:31:in `call'
railties (5.1.2) lib/rails/rack/logger.rb:36:in `call_app'
railties (5.1.2) lib/rails/rack/logger.rb:24:in `block in call'
activesupport (5.1.2) lib/active_support/tagged_logging.rb:69:in `block in tagged'
activesupport (5.1.2) lib/active_support/tagged_logging.rb:26:in `tagged'
activesupport (5.1.2) lib/active_support/tagged_logging.rb:69:in `tagged'
railties (5.1.2) lib/rails/rack/logger.rb:24:in `call'
sprockets-rails (3.2.0) lib/sprockets/rails/quiet_assets.rb:13:in `call'
actionpack (5.1.2) lib/action_dispatch/middleware/remote_ip.rb:79:in `call'
actionpack (5.1.2) lib/action_dispatch/middleware/request_id.rb:25:in `call'
rack (2.0.3) lib/rack/method_override.rb:22:in `call'
rack (2.0.3) lib/rack/runtime.rb:22:in `call'
activesupport (5.1.2) lib/active_support/cache/strategy/local_cache_middleware.rb:27:in `call'
actionpack (5.1.2) lib/action_dispatch/middleware/executor.rb:12:in `call'
actionpack (5.1.2) lib/action_dispatch/middleware/static.rb:125:in `call'
rack (2.0.3) lib/rack/sendfile.rb:111:in `call'
railties (5.1.2) lib/rails/engine.rb:522:in `call'
puma (3.9.1) lib/puma/configuration.rb:224:in `call'
puma (3.9.1) lib/puma/server.rb:602:in `handle_request'
puma (3.9.1) lib/puma/server.rb:435:in `process_client'
puma (3.9.1) lib/puma/server.rb:299:in `block in run'
puma (3.9.1) lib/puma/thread_pool.rb:120:in `block in spawn_thread'
Started GET "/users/table" for 127.0.0.1 at 2017-07-22 22:35:56 +0300
Processing by UsersController#show as HTML
Started GET "/" for 127.0.0.1 at 2017-07-22 22:36:16 +0300
Completed   in 69402ms


Started GET "/users/table" for 127.0.0.1 at 2017-07-22 22:37:14 +0300
Processing by UsersController#show as HTML
Started GET "/users/table" for 127.0.0.1 at 2017-07-22 22:38:17 +0300
Processing by UsersController#show as HTML
Started GET "/users/table" for 127.0.0.1 at 2017-07-22 22:49:40 +0300
Completed   in 808356ms


Completed   in 745695ms


Started GET "/users/table" for 127.0.0.1 at 2017-07-22 22:50:49 +0300
Processing by UsersController#show as HTML
Completed   in 128601ms


Started GET "/users/table" for 127.0.0.1 at 2017-07-22 22:53:02 +0300
Processing by UsersController#show as HTML
Started GET "/users/table" for 127.0.0.1 at 2017-07-22 22:54:34 +0300
Processing by UsersController#show as HTML
Started GET "/users/table" for 127.0.0.1 at 2017-07-22 23:04:58 +0300
Completed   in 1051737ms


Completed   in 1143430ms


Started GET "/users/table" for 127.0.0.1 at 2017-07-22 23:15:30 +0300
Processing by UsersController#show as HTML
Completed 500 Internal Server Error in 218ms


  
NoMethodError (undefined method `default_exchange' for nil:NilClass):
  
app/controllers/users_controller.rb:10:in `show'
Started GET "/users/table" for 127.0.0.1 at 2017-07-22 23:17:59 +0300
Processing by UsersController#show as HTML
Started GET "/users/table" for 127.0.0.1 at 2017-07-22 23:23:08 +0300
Completed   in 388969ms


Started GET "/users/table" for 127.0.0.1 at 2017-07-22 23:24:37 +0300
Processing by UsersController#show as HTML
Started GET "/users/table" for 127.0.0.1 at 2017-07-22 23:26:35 +0300
Processing by UsersController#show as HTML
Started GET "/users/table" for 127.0.0.1 at 2017-07-22 23:27:43 +0300
Processing by UsersController#show as HTML
Started GET "/users/table" for 127.0.0.1 at 2017-07-22 23:28:37 +0300
Completed   in 168921ms


Completed   in 100462ms


Completed   in 286958ms


Started GET "/" for 127.0.0.1 at 2017-07-22 23:29:32 +0300
Processing by UsersController#index as HTML
  Rendering users/index.html within layouts/application
  Rendered users/index.html within layouts/application (2.7ms)
Completed 200 OK in 426ms (Views: 252.3ms)


Started GET "/users/table" for 127.0.0.1 at 2017-07-22 23:29:41 +0300
Processing by UsersController#show as HTML
  Rendering users/show.html within layouts/application
  Rendered users/show.html within layouts/application (0.5ms)
Completed 200 OK in 21ms (Views: 19.3ms)


Started GET "/users/table" for 127.0.0.1 at 2017-07-22 23:30:08 +0300
Processing by UsersController#show as HTML
Completed   in 385158ms


Started GET "/users/table" for 127.0.0.1 at 2017-07-22 23:36:40 +0300
Processing by UsersController#show as HTML
  Rendering users/show.html.erb within layouts/application
  Rendered users/show.html.erb within layouts/application (2.6ms)
Completed 500 Internal Server Error in 187ms


  
ActionView::Template::Error (undefined method `each' for nil:NilClass):
     5:     <!--<th>email</th>-->
     6:     <!--<th>password</th>-->
     7: 
     8:     <!--<% @users.each do |user| %>-->
     9:       <!--<tr>-->
    10:         <!--<td><%= user.email %></td>-->
    11:         <!--<td><%= user.password %></td>-->
  
app/views/users/show.html.erb:8:in `_app_views_users_show_html_erb___1665803431310369443_47057875472400'
Started GET "/users/table" for 127.0.0.1 at 2017-07-22 23:37:26 +0300
Processing by UsersController#show as HTML
  Rendering users/show.html.erb within layouts/application
  Rendered users/show.html.erb within layouts/application (0.8ms)
Completed 200 OK in 449ms (Views: 269.2ms)


Started GET "/users/table" for 127.0.0.1 at 2017-07-22 23:40:39 +0300
Processing by UsersController#show as HTML
Completed 500 Internal Server Error in 250ms


  
NoMethodError (undefined method `erb' for #<UsersController:0x00561329b4a9c8>):
  
app/controllers/users_controller.rb:28:in `show'
Started GET "/users/table" for 127.0.0.1 at 2017-07-22 23:43:50 +0300
Processing by UsersController#show as HTML
  Rendering users/show.html.erb within layouts/application
  Rendered users/show.html.erb within layouts/application (1.3ms)
Completed 200 OK in 439ms (Views: 159.5ms)


Started GET "/users/table" for 127.0.0.1 at 2017-07-22 23:47:01 +0300
Processing by UsersController#show as HTML
Started GET "/users/table" for 127.0.0.1 at 2017-07-22 23:49:34 +0300
Completed   in 162768ms


Started GET "/users/table" for 127.0.0.1 at 2017-07-22 23:50:13 +0300
Processing by UsersController#show as HTML
  Rendering users/show.html.erb within layouts/application
  Rendered users/show.html.erb within layouts/application (0.9ms)
Completed 200 OK in 455ms (Views: 272.2ms)


Started GET "/users/table" for 127.0.0.1 at 2017-07-22 23:51:38 +0300
Processing by UsersController#show as HTML
  Rendering users/show.html.erb within layouts/application
  Rendered users/show.html.erb within layouts/application (1.1ms)
Completed 200 OK in 24ms (Views: 23.4ms)


Started GET "/users/table" for 127.0.0.1 at 2017-07-22 23:52:49 +0300
Processing by UsersController#show as HTML
  Rendering users/show.html.erb within layouts/application
  Rendered users/show.html.erb within layouts/application (0.4ms)
Completed 200 OK in 25ms (Views: 24.1ms)


Started GET "/users/table" for 127.0.0.1 at 2017-07-22 23:54:13 +0300
Processing by UsersController#show as HTML
  Rendering users/show.html.erb within layouts/application
  Rendered users/show.html.erb within layouts/application (0.3ms)
Completed 200 OK in 15ms (Views: 14.5ms)


Started GET "/users/table" for 127.0.0.1 at 2017-07-22 23:55:50 +0300
Processing by UsersController#show as HTML
Started GET "/users/table" for 127.0.0.1 at 2017-07-22 23:56:44 +0300
Completed   in 64924ms


Started GET "/users/table" for 127.0.0.1 at 2017-07-22 23:57:01 +0300
Processing by UsersController#show as HTML
Completed   in 32240ms


Started GET "/users/table" for 127.0.0.1 at 2017-07-22 23:57:42 +0300
Processing by UsersController#show as HTML
  Rendering users/show.html.erb within layouts/application
  Rendered users/show.html.erb within layouts/application (4.3ms)
Completed   in 74411ms


Started GET "/users/table" for 127.0.0.1 at 2017-07-22 23:59:05 +0300
Processing by UsersController#show as HTML
  Rendering users/show.html.erb within layouts/application
  Rendered users/show.html.erb within layouts/application (5.8ms)
Started GET "/users/table" for 127.0.0.1 at 2017-07-23 00:00:33 +0300
Processing by UsersController#show as HTML
  Rendering users/show.html.erb within layouts/application
  Rendered users/show.html.erb within layouts/application (0.9ms)
Completed   in 7865ms


Completed   in 95876ms (Views: 182.7ms)


Started GET "/users/table" for 127.0.0.1 at 2017-07-23 00:00:48 +0300
Processing by UsersController#show as HTML
  Rendering users/show.html.erb within layouts/application
  Rendered users/show.html.erb within layouts/application (1.1ms)
Started GET "/users/table" for 127.0.0.1 at 2017-07-23 00:01:30 +0300
Processing by UsersController#show as HTML
Started GET "/users/table" for 127.0.0.1 at 2017-07-23 00:02:16 +0300
Processing by UsersController#show as HTML
  Rendering users/show.html.erb within layouts/application
  Rendered users/show.html.erb within layouts/application (0.5ms)
Started GET "/users/table" for 127.0.0.1 at 2017-07-23 00:04:28 +0300
Completed   in 229019ms (Views: 227.8ms)


Completed   in 186794ms (Views: 13.8ms)


Completed   in 140265ms


Started GET "/users/table" for 127.0.0.1 at 2017-07-23 00:04:46 +0300
Processing by UsersController#show as HTML
  Rendering users/show.html.erb within layouts/application
  Rendered users/show.html.erb within layouts/application (0.8ms)
Started GET "/users/table" for 127.0.0.1 at 2017-07-23 00:06:20 +0300
Completed   in 99593ms (Views: 186.6ms)


Started GET "/users/table" for 127.0.0.1 at 2017-07-23 00:06:31 +0300
Processing by UsersController#show as HTML
Completed   in 8875ms


Started GET "/users/table" for 127.0.0.1 at 2017-07-23 00:08:26 +0300
Processing by UsersController#show as HTML
  Rendering users/show.html.erb within layouts/application
  Rendered users/show.html.erb within layouts/application (1.0ms)
Completed 200 OK in 493ms (Views: 246.4ms)


Started GET "/users/table" for 127.0.0.1 at 2017-07-23 00:11:05 +0300
Processing by UsersController#show as HTML
  Rendering users/show.html.erb within layouts/application
  Rendered users/show.html.erb within layouts/application (1.4ms)
Started GET "/users/table" for 127.0.0.1 at 2017-07-23 00:12:46 +0300
Processing by UsersController#show as HTML
Completed   in 115175ms (Views: 177.4ms)


Completed   in 14345ms


Started GET "/users/table" for 127.0.0.1 at 2017-07-23 00:13:08 +0300
Processing by UsersController#show as HTML
  Rendering users/show.html.erb within layouts/application
  Rendered users/show.html.erb within layouts/application (0.8ms)
Completed   in 105993ms (Views: 227.1ms)


Started GET "/users/table" for 127.0.0.1 at 2017-07-23 00:15:02 +0300
Processing by UsersController#show as HTML
  Rendering users/show.html.erb within layouts/application
  Rendered users/show.html.erb within layouts/application (1.0ms)
Completed   in 108507ms (Views: 178.4ms)


Started GET "/users/table" for 127.0.0.1 at 2017-07-23 00:16:56 +0300
Processing by UsersController#show as HTML
  Rendering users/show.html.erb within layouts/application
  Rendered users/show.html.erb within layouts/application (0.9ms)
Completed   in 32347ms (Views: 246.6ms)


Started GET "/users/table" for 127.0.0.1 at 2017-07-23 00:17:35 +0300
Processing by UsersController#show as HTML
Completed   in 14783ms


Started GET "/users/table" for 127.0.0.1 at 2017-07-23 00:17:54 +0300
Processing by UsersController#show as HTML
  Rendering users/show.html.erb within layouts/application
  Rendered users/show.html.erb within layouts/application (1.5ms)
Completed 200 OK in 457ms (Views: 159.6ms)


Started GET "/users/table" for 127.0.0.1 at 2017-07-23 00:19:37 +0300
Processing by UsersController#show as HTML
Completed   in 55720ms


Started GET "/users/table" for 127.0.0.1 at 2017-07-23 00:20:37 +0300
Processing by UsersController#show as HTML
Completed   in 41388ms


Started GET "/users/table" for 127.0.0.1 at 2017-07-23 00:21:25 +0300
Processing by UsersController#show as HTML
Completed   in 1083ms


Started GET "/users/table" for 127.0.0.1 at 2017-07-23 00:21:59 +0300
Processing by UsersController#show as HTML
  Rendering users/show.html.erb within layouts/application
  Rendered users/show.html.erb within layouts/application (1.1ms)
Completed 200 OK in 1481ms (Views: 271.6ms)


Started GET "/users/table" for 127.0.0.1 at 2017-07-23 00:22:26 +0300
Processing by UsersController#show as HTML
  Rendering users/show.html.erb within layouts/application
  Rendered users/show.html.erb within layouts/application (0.6ms)
Completed 200 OK in 56ms (Views: 40.4ms)


Started GET "/" for 127.0.0.1 at 2017-07-23 00:22:33 +0300
Processing by UsersController#index as HTML
  Rendering users/index.html within layouts/application
  Rendered users/index.html within layouts/application (0.2ms)
Completed 200 OK in 16ms (Views: 14.9ms)


Started POST "/users/sign_up" for 127.0.0.1 at 2017-07-23 00:22:49 +0300
Processing by UsersController#sign_up as HTML
  Parameters: {"email"=>"Alex@loh.hui", "password"=>"[FILTERED]"}
Completed 500 Internal Server Error in 11ms


  
NoMethodError (undefined method `default_exchange' for nil:NilClass):
  
app/controllers/users_controller.rb:39:in `sign_up'
Started POST "/users/sign_up" for 127.0.0.1 at 2017-07-23 00:23:14 +0300
Processing by UsersController#sign_up as HTML
  Parameters: {"email"=>"Alex@loh.hui", "password"=>"[FILTERED]"}
No template found for UsersController#sign_up, rendering head :no_content
Completed 204 No Content in 15ms


Started GET "/users/table" for 127.0.0.1 at 2017-07-23 00:23:33 +0300
Processing by UsersController#show as HTML
  Rendering users/show.html.erb within layouts/application
  Rendered users/show.html.erb within layouts/application (0.6ms)
Completed 200 OK in 27ms (Views: 20.3ms)


